C:\USERS\YANCYUN\DESKTOP\VC_VIEWER2010\RELEASE\.NETFRAMEWORK,VERSION=V4.0.ASSEMBLYATTRIBUTES.OBJ
C:\USERS\YANCYUN\DESKTOP\VC_VIEWER2010\RELEASE\APP.RES
C:\USERS\YANCYUN\DESKTOP\VC_VIEWER2010\RELEASE\ASSEMBLYINFO.OBJ
C:\Users\Yancyun\Desktop\VC_viewer2010\Release\cl.command.1.tlog
C:\Users\Yancyun\Desktop\VC_viewer2010\Release\CL.read.1.tlog
C:\Users\Yancyun\Desktop\VC_viewer2010\Release\CL.write.1.tlog
C:\USERS\YANCYUN\DESKTOP\VC_VIEWER2010\RELEASE\DTRIANGLE.OBJ
C:\Users\Yancyun\Desktop\VC_viewer2010\Release\link.command.1.tlog
C:\Users\Yancyun\Desktop\VC_viewer2010\Release\link.read.1.tlog
C:\Users\Yancyun\Desktop\VC_viewer2010\Release\link.write.1.tlog
C:\Users\Yancyun\Desktop\VC_viewer2010\Release\link-cvtres.read.1.tlog
C:\Users\Yancyun\Desktop\VC_viewer2010\Release\link-cvtres.write.1.tlog
C:\Users\Yancyun\Desktop\VC_viewer2010\Release\metagen.read.1.tlog
C:\USERS\YANCYUN\DESKTOP\VC_VIEWER2010\RELEASE\METAGEN.WRITE.1.TLOG
C:\USERS\YANCYUN\DESKTOP\VC_VIEWER2010\RELEASE\MQBASICUI.OBJ
C:\USERS\YANCYUN\DESKTOP\VC_VIEWER2010\RELEASE\MQDOTNETUTILITY.OBJ
C:\USERS\YANCYUN\DESKTOP\VC_VIEWER2010\RELEASE\MQGLM.OBJ
C:\Users\Yancyun\Desktop\VC_viewer2010\Release\MQOpenGLControl.dll
C:\Users\Yancyun\Desktop\VC_viewer2010\Release\MQOPENGLCONTROL.DLL.metagen
C:\USERS\YANCYUN\DESKTOP\VC_VIEWER2010\RELEASE\MQPCA.OBJ
C:\USERS\YANCYUN\DESKTOP\VC_VIEWER2010\RELEASE\MQTRACKBALL.OBJ
C:\USERS\YANCYUN\DESKTOP\VC_VIEWER2010\RELEASE\MQTRIANGLEMESH.OBJ
C:\USERS\YANCYUN\DESKTOP\VC_VIEWER2010\RELEASE\MQUTILITY.OBJ
C:\Users\Yancyun\Desktop\VC_viewer2010\Release\mt.command.1.tlog
C:\Users\Yancyun\Desktop\VC_viewer2010\Release\mt.read.1.tlog
C:\Users\Yancyun\Desktop\VC_viewer2010\Release\mt.write.1.tlog
C:\Users\Yancyun\Desktop\VC_viewer2010\Release\rc.command.1.tlog
C:\Users\Yancyun\Desktop\VC_viewer2010\Release\rc.read.1.tlog
C:\Users\Yancyun\Desktop\VC_viewer2010\Release\rc.write.1.tlog
C:\Users\Yancyun\Desktop\VC_viewer2010\Release\RSAENH.DLL.bi
C:\USERS\YANCYUN\DESKTOP\VC_VIEWER2010\RELEASE\STDAFX.OBJ
C:\Users\Yancyun\Desktop\VC_viewer2010\Release\TZRES.DLL.bi
C:\USERS\YANCYUN\DESKTOP\VC_VIEWER2010\RELEASE\VC_VIEWER2010.EXE
C:\USERS\YANCYUN\DESKTOP\VC_VIEWER2010\RELEASE\VC_VIEWER2010.EXE.INTERMEDIATE.MANIFEST
C:\Users\Yancyun\Desktop\VC_viewer2010\Release\VC_viewer2010.exe.metagen
C:\Users\Yancyun\Desktop\VC_viewer2010\Release\VC_viewer2010.Form1.resources
C:\USERS\YANCYUN\DESKTOP\VC_VIEWER2010\RELEASE\VC_VIEWER2010.OBJ
C:\USERS\YANCYUN\DESKTOP\VC_VIEWER2010\RELEASE\VC_VIEWER2010.PCH
C:\USERS\YANCYUN\DESKTOP\VC_VIEWER2010\RELEASE\VC_VIEWER2010.PDB
C:\Users\Yancyun\Desktop\VC_viewer2010\Release\VC_viewer2010.vcxproj.GenerateResource.Cache
C:\Users\Yancyun\Desktop\VC_viewer2010\Release\VC_viewer2010.vcxprojResolveAssemblyReference.cache
C:\Users\Yancyun\Desktop\VC_viewer2010\Release\VC_viewer2010.write.1.tlog
C:\USERS\YANCYUN\DESKTOP\VC_VIEWER2010\RELEASE\VC100.PDB
